{
  "RSpec": {
    "coverage": {
      "/Users/student/Projects/Projects/week-10/tech-tests/gilded-rose-my-solution/lib/gilded_rose.rb": [
        1,
        null,
        1,
        14,
        null,
        null,
        1,
        14,
        null,
        14,
        12,
        10,
        null,
        10,
        3,
        2,
        2,
        null,
        null,
        7,
        4,
        null,
        1,
        null,
        1,
        null,
        1,
        null,
        1,
        null,
        4,
        null,
        null,
        3,
        null,
        null,
        null,
        null,
        null,
        1,
        1,
        null,
        1,
        14,
        14,
        14,
        null,
        null,
        1,
        0,
        null,
        null
      ]
    },
    "timestamp": 1569235179
  }
}
