{
  "RSpec": {
    "coverage": {
      "/Users/student/Projects/Projects/week-10/tech-tests/gilded-rose-2/my-solution/lib/gilded_rose.rb": [
        1,
        null,
        1,
        14,
        null,
        null,
        1,
        14,
        14,
        7,
        5,
        3,
        null,
        null,
        null,
        7,
        6,
        6,
        4,
        3,
        3,
        null,
        null,
        4,
        2,
        2,
        null,
        null,
        null,
        null,
        null,
        14,
        12,
        null,
        14,
        4,
        3,
        2,
        1,
        1,
        null,
        null,
        null,
        1,
        null,
        null,
        1,
        1,
        null,
        null,
        null,
        null,
        null,
        null,
        null,
        1,
        1,
        null,
        1,
        14,
        14,
        14,
        null,
        null,
        1,
        0,
        null,
        null
      ]
    },
    "timestamp": 1569186943
  }
}
